data.dir
├── vivdqnnfbhgsh
│   ├── dugilne
│   ├── euwhztsrf
│   ├── opvxlapy
│   ├── qvlhtkstztju
│   │   ├── aqpi
│   │   ├── binmpgwkb
│   │   ├── epna
│   │   ├── flsztsskc
│   │   ├── ghhkxwlfjx
│   │   │   ├── ffojdcdqv
│   │   │   ├── ln
│   │   │   ├── vgttl
│   │   │   └── wcyhbxsgg
│   │   ├── otlq
│   │   └── sqscq
│   ├── vb
│   ├── wefox
│   ├── xmq
│   └── xx
└── ybrffga
    ├── dovv
    ├── fkngm
    ├── hicupohl
    │   ├── faefiwjz
    │   ├── fwsbmjkztc
    │   │   ├── fhza
    │   │   ├── jmefxduqh
    │   │   ├── jo
    │   │   ├── ntbry
    │   │   ├── otjokdmwt
    │   │   ├── snwgwggsk
    │   │   └── xvpeadxj
    │   ├── ldar
    │   ├── rch
    │   └── xm
    ├── knuuj
    ├── pkxgre
    ├── rhcrfhu
    ├── ut
    └── yvfbx
